This is LuaHBTeX, Version 1.12.0 (TeX Live 2020/Debian)  (format=lualatex 2022.9.5)  2 DEC 2022 14:35
 restricted system commands enabled.
**main.tex -o main.pdf
(./main.tex
LaTeX2e <2020-10-01> patch level 4
Lua module: luaotfload 2021-01-08 3.17 Lua based OpenType font support
Lua module: lualibs 2020-12-30 2.73 ConTeXt Lua standard libraries.
Lua module: lualibs-extended 2020-12-30 2.73 ConTeXt Lua libraries -- extended c
ollection.
luaotfload | conf : Root cache directory is "/home/lagachez/.texlive2020/texmf-v
ar/luatex-cache/generic/names".
luaotfload | init : Loading fontloader "fontloader-2021-01-07.lua" from kpse-res
olved path "/usr/share/texlive/texmf-dist/tex/luatex/luaotfload/fontloader-2021-
01-07.lua".
Lua-only attribute luaotfload@noligature = 1
Lua-only attribute luaotfload@syllabe = 2
luaotfload | init : Context OpenType loader version 0x1.8e76c8b439581p+1
Inserting `luaotfload.node_processor' at position 1 in `pre_linebreak_filter'.
Inserting `luaotfload.node_processor' at position 1 in `hpack_filter'.
Inserting `luaotfload.glyph_stream' at position 1 in `glyph_stream_provider'.
Inserting `luaotfload.define_font' at position 1 in `define_font'.
Lua-only attribute luaotfload_color_attribute = 3
luaotfload | conf : Root cache directory is "/home/lagachez/.texlive2020/texmf-v
ar/luatex-cache/generic/names".
Inserting `luaotfload.harf.strip_prefix' at position 1 in `find_opentype_file'.
Inserting `luaotfload.harf.strip_prefix' at position 1 in `find_truetype_file'.
Inserting `luaotfload.harf.finalize_vlist' at position 1 in `post_linebreak_filt
er'.
Inserting `luaotfload.harf.finalize_hlist' at position 2 in `hpack_filter'.
Inserting `luaotfload.cleanup_files' at position 1 in `wrapup_run'.
Inserting `luaotfload.harf.finalize_unicode' at position 1 in `finish_pdffile'.
Inserting `luaotfload.glyphinfo' at position 1 in `glyph_info'.
Inserting `luaotfload.aux.set_sscale_dimens' at position 1 in `luaotfload.patch_
font'.
Inserting `luaotfload.aux.set_font_index' at position 2 in `luaotfload.patch_fon
t'.
Inserting `luaotfload.aux.patch_cambria_domh' at position 3 in `luaotfload.patch
_font'.
Inserting `luaotfload.aux.fixup_fontdata' at position 1 in `luaotfload.patch_fon
t_unsafe'.
Inserting `luaotfload.aux.set_capheight' at position 4 in `luaotfload.patch_font
'.
Inserting `luaotfload.aux.set_xheight' at position 5 in `luaotfload.patch_font'.
Inserting `luaotfload.rewrite_fontname' at position 6 in `luaotfload.patch_font'
. L3 programming layer <2021-01-09> xparse <2020-03-03>
(/usr/share/texlive/texmf-dist/tex/latex/base/report.cls
Document Class: report 2020/04/10 v1.4m Standard LaTeX document class
(/usr/share/texlive/texmf-dist/tex/latex/base/size12.clo
File: size12.clo 2020/04/10 v1.4m Standard LaTeX file (size option)
luaotfload | db : Font names database loaded from /home/lagachez/.texlive2020/te
xmf-var/luatex-cache/generic/names/luaotfload-names.luc)
\c@part=\count173
\c@chapter=\count174
\c@section=\count175
\c@subsection=\count176
\c@subsubsection=\count177
\c@paragraph=\count178
\c@subparagraph=\count179
\c@figure=\count180
\c@table=\count181
\abovecaptionskip=\skip47
\belowcaptionskip=\skip48
\bibindent=\dimen138
)
(/usr/share/texlive/texmf-dist/tex/latex/base/inputenc.sty
Package: inputenc 2020/08/01 v1.3d Input encoding file
\inpenc@prehook=\toks15
\inpenc@posthook=\toks16


Package inputenc Warning: inputenc package ignored with utf8 based engines.

) (/usr/share/texlive/texmf-dist/tex/latex/graphics/graphicx.sty
Package: graphicx 2020/09/09 v1.2b Enhanced LaTeX Graphics (DPC,SPQR)

(/usr/share/texlive/texmf-dist/tex/latex/graphics/keyval.sty
Package: keyval 2014/10/28 v1.15 key=value parser (DPC)
\KV@toks@=\toks17
)
(/usr/share/texlive/texmf-dist/tex/latex/graphics/graphics.sty
Package: graphics 2020/08/30 v1.4c Standard LaTeX Graphics (DPC,SPQR)

(/usr/share/texlive/texmf-dist/tex/latex/graphics/trig.sty
Package: trig 2016/01/03 v1.10 sin cos tan (DPC)
)
(/usr/share/texlive/texmf-dist/tex/latex/graphics-cfg/graphics.cfg
File: graphics.cfg 2016/06/04 v1.11 sample graphics configuration
)
Package graphics Info: Driver file: luatex.def on input line 105.

(/usr/share/texlive/texmf-dist/tex/latex/graphics-def/luatex.def
File: luatex.def 2020/10/05 v1.2a Graphics/color driver for luatex
))
\Gin@req@height=\dimen139
\Gin@req@width=\dimen140
)
(/usr/share/texlive/texmf-dist/tex/latex/hyperref/hyperref.sty
Package: hyperref 2020-05-15 v7.00e Hypertext links for LaTeX

(/usr/share/texlive/texmf-dist/tex/generic/ltxcmds/ltxcmds.sty
Package: ltxcmds 2020-05-10 v1.25 LaTeX kernel commands for general use (HO)
)
(/usr/share/texlive/texmf-dist/tex/generic/iftex/iftex.sty
Package: iftex 2020/03/06 v1.0d TeX engine tests
)
(/usr/share/texlive/texmf-dist/tex/generic/pdftexcmds/pdftexcmds.sty
Package: pdftexcmds 2020-06-27 v0.33 Utility functions of pdfTeX for LuaTeX (HO)


(/usr/share/texlive/texmf-dist/tex/generic/infwarerr/infwarerr.sty
Package: infwarerr 2019/12/03 v1.5 Providing info/warning/error messages (HO)
)
Package pdftexcmds Info: \pdf@primitive is available.
Package pdftexcmds Info: \pdf@ifprimitive is available.
Package pdftexcmds Info: \pdfdraftmode found.
\pdftexcmds@toks=\toks18
)
(/usr/share/texlive/texmf-dist/tex/generic/kvsetkeys/kvsetkeys.sty
Package: kvsetkeys 2019/12/15 v1.18 Key value parser (HO)
)
(/usr/share/texlive/texmf-dist/tex/generic/kvdefinekeys/kvdefinekeys.sty
Package: kvdefinekeys 2019-12-19 v1.6 Define keys (HO)
)
(/usr/share/texlive/texmf-dist/tex/generic/pdfescape/pdfescape.sty
Package: pdfescape 2019/12/09 v1.15 Implements pdfTeX's escape features (HO)
)
(/usr/share/texlive/texmf-dist/tex/latex/hycolor/hycolor.sty
Package: hycolor 2020-01-27 v1.10 Color options for hyperref/bookmark (HO)
)
(/usr/share/texlive/texmf-dist/tex/latex/letltxmacro/letltxmacro.sty
Package: letltxmacro 2019/12/03 v1.6 Let assignment for LaTeX macros (HO)
)
(/usr/share/texlive/texmf-dist/tex/latex/auxhook/auxhook.sty
Package: auxhook 2019-12-17 v1.6 Hooks for auxiliary files (HO)
)
(/usr/share/texlive/texmf-dist/tex/latex/kvoptions/kvoptions.sty
Package: kvoptions 2020-10-07 v3.14 Key value format for package options (HO)
)
\@linkdim=\dimen141
\Hy@linkcounter=\count182
\Hy@pagecounter=\count183

(/usr/share/texlive/texmf-dist/tex/latex/hyperref/pd1enc.def
File: pd1enc.def 2020-05-15 v7.00e Hyperref: PDFDocEncoding definition (HO)
)
(/usr/share/texlive/texmf-dist/tex/generic/intcalc/intcalc.sty
Package: intcalc 2019/12/15 v1.3 Expandable calculations with integers (HO)
)
(/usr/share/texlive/texmf-dist/tex/generic/etexcmds/etexcmds.sty
Package: etexcmds 2019/12/15 v1.7 Avoid name clashes with e-TeX commands (HO)
)
\Hy@SavedSpaceFactor=\count184
Package hyperref Info: Hyper figures OFF on input line 4464.
Package hyperref Info: Link nesting OFF on input line 4469.
Package hyperref Info: Hyper index ON on input line 4472.
Package hyperref Info: Plain pages OFF on input line 4479.
Package hyperref Info: Backreferencing OFF on input line 4484.
Package hyperref Info: Implicit mode ON; LaTeX internals redefined.
Package hyperref Info: Bookmarks ON on input line 4717.
\c@Hy@tempcnt=\count185

(/usr/share/texlive/texmf-dist/tex/latex/url/url.sty
\Urlmuskip=\muskip16
Package: url 2013/09/16  ver 3.4  Verb mode for urls, etc.
)
LaTeX Info: Redefining \url on input line 5076.
\XeTeXLinkMargin=\dimen142

(/usr/share/texlive/texmf-dist/tex/generic/bitset/bitset.sty
Package: bitset 2019/12/09 v1.3 Handle bit-vector datatype (HO)

(/usr/share/texlive/texmf-dist/tex/generic/bigintcalc/bigintcalc.sty
Package: bigintcalc 2019/12/15 v1.5 Expandable calculations on big integers (HO)

))
\Fld@menulength=\count186
\Field@Width=\dimen143
\Fld@charsize=\dimen144
Package hyperref Info: Hyper figures OFF on input line 6347.
Package hyperref Info: Link nesting OFF on input line 6352.
Package hyperref Info: Hyper index ON on input line 6355.
Package hyperref Info: backreferencing OFF on input line 6362.
Package hyperref Info: Link coloring OFF on input line 6367.
Package hyperref Info: Link coloring with OCG OFF on input line 6372.
Package hyperref Info: PDF/A mode OFF on input line 6377.
LaTeX Info: Redefining \ref on input line 6417.
LaTeX Info: Redefining \pageref on input line 6421.

(/usr/share/texlive/texmf-dist/tex/latex/base/atbegshi-ltx.sty
Package: atbegshi-ltx 2020/08/17 v1.0a Emulation of the original atbegshi packag
e
with kernel methods
)
\Hy@abspage=\count187
\c@Item=\count188
\c@Hfootnote=\count189
)
Package hyperref Info: Driver (autodetected): hluatex.

(/usr/share/texlive/texmf-dist/tex/latex/hyperref/hluatex.def
File: hluatex.def 2020-05-15 v7.00e Hyperref driver for luaTeX

(/usr/share/texlive/texmf-dist/tex/latex/hyperref/puenc.def
File: puenc.def 2020-05-15 v7.00e Hyperref: PDF Unicode definition (HO)
)
(/usr/share/texlive/texmf-dist/tex/generic/stringenc/stringenc.sty
Package: stringenc 2019/11/29 v1.12 Convert strings between diff. encodings (HO)

)
(/usr/share/texlive/texmf-dist/tex/latex/base/atveryend-ltx.sty
Package: atveryend-ltx 2020/08/19 v1.0a Emulation of the original atvery package

with kernel methods
)
\Fld@listcount=\count190
\c@bookmark@seq@number=\count191

(/usr/share/texlive/texmf-dist/tex/latex/rerunfilecheck/rerunfilecheck.sty
Package: rerunfilecheck 2019/12/05 v1.9 Rerun checks for auxiliary files (HO)

(/usr/share/texlive/texmf-dist/tex/generic/uniquecounter/uniquecounter.sty
Package: uniquecounter 2019/12/15 v1.4 Provide unlimited unique counter (HO)
)
Package uniquecounter Info: New unique counter `rerunfilecheck' on input line 28
6.
)
\Hy@SectionHShift=\skip49
)
Package hyperref Info: Option `colorlinks' set `true' on input line 12.

(/usr/share/texlive/texmf-dist/tex/latex/todonotes/todonotes.sty
Package: todonotes 2020/08/18 v1.1.3 Todonotes source and documentation.
Package: todonotes 2018/11/22

(/usr/share/texlive/texmf-dist/tex/latex/base/ifthen.sty
Package: ifthen 2014/09/29 v1.1c Standard LaTeX ifthen package (DPC)
)
(/usr/share/texlive/texmf-dist/tex/latex/xkeyval/xkeyval.sty
Package: xkeyval 2020/11/20 v2.8 package option processing (HA)

(/usr/share/texlive/texmf-dist/tex/generic/xkeyval/xkeyval.tex
(/usr/share/texlive/texmf-dist/tex/generic/xkeyval/xkvutils.tex
\XKV@toks=\toks19
\XKV@tempa@toks=\toks20
)
\XKV@depth=\count192
File: xkeyval.tex 2014/12/03 v2.7a key=value parser (HA)
))
(/usr/share/texlive/texmf-dist/tex/latex/xcolor/xcolor.sty
Package: xcolor 2016/05/11 v2.12 LaTeX color extensions (UK)

(/usr/share/texlive/texmf-dist/tex/latex/graphics-cfg/color.cfg
File: color.cfg 2016/01/02 v1.6 sample color configuration
)
Package xcolor Info: Driver file: luatex.def on input line 225.
Package xcolor Info: Model `cmy' substituted by `cmy0' on input line 1348.
Package xcolor Info: Model `hsb' substituted by `rgb' on input line 1352.
Package xcolor Info: Model `RGB' extended on input line 1364.
Package xcolor Info: Model `HTML' substituted by `rgb' on input line 1366.
Package xcolor Info: Model `Hsb' substituted by `hsb' on input line 1367.
Package xcolor Info: Model `tHsb' substituted by `hsb' on input line 1368.
Package xcolor Info: Model `HSB' substituted by `hsb' on input line 1369.
Package xcolor Info: Model `Gray' substituted by `gray' on input line 1370.
Package xcolor Info: Model `wave' substituted by `hsb' on input line 1371.
)
(/usr/share/texlive/texmf-dist/tex/latex/pgf/frontendlayer/tikz.sty
(/usr/share/texlive/texmf-dist/tex/latex/pgf/basiclayer/pgf.sty
(/usr/share/texlive/texmf-dist/tex/latex/pgf/utilities/pgfrcs.sty
(/usr/share/texlive/texmf-dist/tex/generic/pgf/utilities/pgfutil-common.tex
\pgfutil@everybye=\toks21
\pgfutil@tempdima=\dimen145
\pgfutil@tempdimb=\dimen146

(/usr/share/texlive/texmf-dist/tex/generic/pgf/utilities/pgfutil-common-lists.t
ex)) (/usr/share/texlive/texmf-dist/tex/generic/pgf/utilities/pgfutil-latex.def
\pgfutil@abb=\box47
) (/usr/share/texlive/texmf-dist/tex/generic/pgf/utilities/pgfrcs.code.tex
(/usr/share/texlive/texmf-dist/tex/generic/pgf/pgf.revision.tex)
Package: pgfrcs 2020/12/27 v3.1.8b (3.1.8b)
))
Package: pgf 2020/12/27 v3.1.8b (3.1.8b)

(/usr/share/texlive/texmf-dist/tex/latex/pgf/basiclayer/pgfcore.sty
(/usr/share/texlive/texmf-dist/tex/latex/pgf/systemlayer/pgfsys.sty
(/usr/share/texlive/texmf-dist/tex/generic/pgf/systemlayer/pgfsys.code.tex
Package: pgfsys 2020/12/27 v3.1.8b (3.1.8b)

(/usr/share/texlive/texmf-dist/tex/generic/pgf/utilities/pgfkeys.code.tex
\pgfkeys@pathtoks=\toks22
\pgfkeys@temptoks=\toks23

(/usr/share/texlive/texmf-dist/tex/generic/pgf/utilities/pgfkeysfiltered.code.t
ex
\pgfkeys@tmptoks=\toks24
))
\pgf@x=\dimen147
\pgf@y=\dimen148
\pgf@xa=\dimen149
\pgf@ya=\dimen150
\pgf@xb=\dimen151
\pgf@yb=\dimen152
\pgf@xc=\dimen153
\pgf@yc=\dimen154
\pgf@xd=\dimen155
\pgf@yd=\dimen156
\w@pgf@writea=\write3
\r@pgf@reada=\read2
\c@pgf@counta=\count193
\c@pgf@countb=\count194
\c@pgf@countc=\count195
\c@pgf@countd=\count196
\t@pgf@toka=\toks25
\t@pgf@tokb=\toks26
\t@pgf@tokc=\toks27
\pgf@sys@id@count=\count197
 (/usr/share/texlive/texmf-dist/tex/generic/pgf/systemlayer/pgf.cfg
File: pgf.cfg 2020/12/27 v3.1.8b (3.1.8b)
)
Driver file for pgf: pgfsys-luatex.def

(/usr/share/texlive/texmf-dist/tex/generic/pgf/systemlayer/pgfsys-luatex.def
File: pgfsys-luatex.def 2020/12/27 v3.1.8b (3.1.8b)

(/usr/share/texlive/texmf-dist/tex/generic/pgf/systemlayer/pgfsys-common-pdf.de
f
File: pgfsys-common-pdf.def 2020/12/27 v3.1.8b (3.1.8b)
)))
(/usr/share/texlive/texmf-dist/tex/generic/pgf/systemlayer/pgfsyssoftpath.code.
tex
File: pgfsyssoftpath.code.tex 2020/12/27 v3.1.8b (3.1.8b)
\pgfsyssoftpath@smallbuffer@items=\count198
\pgfsyssoftpath@bigbuffer@items=\count199
)
(/usr/share/texlive/texmf-dist/tex/generic/pgf/systemlayer/pgfsysprotocol.code.
tex
File: pgfsysprotocol.code.tex 2020/12/27 v3.1.8b (3.1.8b)
))
(/usr/share/texlive/texmf-dist/tex/generic/pgf/basiclayer/pgfcore.code.tex
Package: pgfcore 2020/12/27 v3.1.8b (3.1.8b)

(/usr/share/texlive/texmf-dist/tex/generic/pgf/math/pgfmath.code.tex
(/usr/share/texlive/texmf-dist/tex/generic/pgf/math/pgfmathcalc.code.tex
(/usr/share/texlive/texmf-dist/tex/generic/pgf/math/pgfmathutil.code.tex)
(/usr/share/texlive/texmf-dist/tex/generic/pgf/math/pgfmathparser.code.tex
\pgfmath@dimen=\dimen157
\pgfmath@count=\count266
\pgfmath@box=\box48
\pgfmath@toks=\toks28
\pgfmath@stack@operand=\toks29
\pgfmath@stack@operation=\toks30
)
(/usr/share/texlive/texmf-dist/tex/generic/pgf/math/pgfmathfunctions.code.tex
(/usr/share/texlive/texmf-dist/tex/generic/pgf/math/pgfmathfunctions.basic.code
.tex)
(/usr/share/texlive/texmf-dist/tex/generic/pgf/math/pgfmathfunctions.trigonomet
ric.code.tex)
(/usr/share/texlive/texmf-dist/tex/generic/pgf/math/pgfmathfunctions.random.cod
e.tex)
(/usr/share/texlive/texmf-dist/tex/generic/pgf/math/pgfmathfunctions.comparison
.code.tex)
(/usr/share/texlive/texmf-dist/tex/generic/pgf/math/pgfmathfunctions.base.code.
tex)
(/usr/share/texlive/texmf-dist/tex/generic/pgf/math/pgfmathfunctions.round.code
.tex)
(/usr/share/texlive/texmf-dist/tex/generic/pgf/math/pgfmathfunctions.misc.code.
tex)
(/usr/share/texlive/texmf-dist/tex/generic/pgf/math/pgfmathfunctions.integerari
thmetics.code.tex)))
(/usr/share/texlive/texmf-dist/tex/generic/pgf/math/pgfmathfloat.code.tex
\c@pgfmathroundto@lastzeros=\count267
))
(/usr/share/texlive/texmf-dist/tex/generic/pgf/math/pgfint.code.tex)
(/usr/share/texlive/texmf-dist/tex/generic/pgf/basiclayer/pgfcorepoints.code.te
x
File: pgfcorepoints.code.tex 2020/12/27 v3.1.8b (3.1.8b)
\pgf@picminx=\dimen158
\pgf@picmaxx=\dimen159
\pgf@picminy=\dimen160
\pgf@picmaxy=\dimen161
\pgf@pathminx=\dimen162
\pgf@pathmaxx=\dimen163
\pgf@pathminy=\dimen164
\pgf@pathmaxy=\dimen165
\pgf@xx=\dimen166
\pgf@xy=\dimen167
\pgf@yx=\dimen168
\pgf@yy=\dimen169
\pgf@zx=\dimen170
\pgf@zy=\dimen171
)
(/usr/share/texlive/texmf-dist/tex/generic/pgf/basiclayer/pgfcorepathconstruct.
code.tex
File: pgfcorepathconstruct.code.tex 2020/12/27 v3.1.8b (3.1.8b)
\pgf@path@lastx=\dimen172
\pgf@path@lasty=\dimen173
)
(/usr/share/texlive/texmf-dist/tex/generic/pgf/basiclayer/pgfcorepathusage.code
.tex
File: pgfcorepathusage.code.tex 2020/12/27 v3.1.8b (3.1.8b)
\pgf@shorten@end@additional=\dimen174
\pgf@shorten@start@additional=\dimen175
)
(/usr/share/texlive/texmf-dist/tex/generic/pgf/basiclayer/pgfcorescopes.code.te
x
File: pgfcorescopes.code.tex 2020/12/27 v3.1.8b (3.1.8b)
\pgfpic=\box49
\pgf@hbox=\box50
\pgf@layerbox@main=\box51
\pgf@picture@serial@count=\count268
)
(/usr/share/texlive/texmf-dist/tex/generic/pgf/basiclayer/pgfcoregraphicstate.c
ode.tex
File: pgfcoregraphicstate.code.tex 2020/12/27 v3.1.8b (3.1.8b)
\pgflinewidth=\dimen176
)
(/usr/share/texlive/texmf-dist/tex/generic/pgf/basiclayer/pgfcoretransformation
s.code.tex
File: pgfcoretransformations.code.tex 2020/12/27 v3.1.8b (3.1.8b)
\pgf@pt@x=\dimen177
\pgf@pt@y=\dimen178
\pgf@pt@temp=\dimen179
)
(/usr/share/texlive/texmf-dist/tex/generic/pgf/basiclayer/pgfcorequick.code.tex
File: pgfcorequick.code.tex 2020/12/27 v3.1.8b (3.1.8b)
)
(/usr/share/texlive/texmf-dist/tex/generic/pgf/basiclayer/pgfcoreobjects.code.t
ex
File: pgfcoreobjects.code.tex 2020/12/27 v3.1.8b (3.1.8b)
)
(/usr/share/texlive/texmf-dist/tex/generic/pgf/basiclayer/pgfcorepathprocessing
.code.tex
File: pgfcorepathprocessing.code.tex 2020/12/27 v3.1.8b (3.1.8b)
)
(/usr/share/texlive/texmf-dist/tex/generic/pgf/basiclayer/pgfcorearrows.code.te
x
File: pgfcorearrows.code.tex 2020/12/27 v3.1.8b (3.1.8b)
\pgfarrowsep=\dimen180
)
(/usr/share/texlive/texmf-dist/tex/generic/pgf/basiclayer/pgfcoreshade.code.tex
File: pgfcoreshade.code.tex 2020/12/27 v3.1.8b (3.1.8b)
\pgf@max=\dimen181
\pgf@sys@shading@range@num=\count269
\pgf@shadingcount=\count270
)
(/usr/share/texlive/texmf-dist/tex/generic/pgf/basiclayer/pgfcoreimage.code.tex
File: pgfcoreimage.code.tex 2020/12/27 v3.1.8b (3.1.8b)

(/usr/share/texlive/texmf-dist/tex/generic/pgf/basiclayer/pgfcoreexternal.code.
tex
File: pgfcoreexternal.code.tex 2020/12/27 v3.1.8b (3.1.8b)
\pgfexternal@startupbox=\box52
))
(/usr/share/texlive/texmf-dist/tex/generic/pgf/basiclayer/pgfcorelayers.code.te
x
File: pgfcorelayers.code.tex 2020/12/27 v3.1.8b (3.1.8b)
)
(/usr/share/texlive/texmf-dist/tex/generic/pgf/basiclayer/pgfcoretransparency.c
ode.tex
File: pgfcoretransparency.code.tex 2020/12/27 v3.1.8b (3.1.8b)
)
(/usr/share/texlive/texmf-dist/tex/generic/pgf/basiclayer/pgfcorepatterns.code.
tex
File: pgfcorepatterns.code.tex 2020/12/27 v3.1.8b (3.1.8b)
)
(/usr/share/texlive/texmf-dist/tex/generic/pgf/basiclayer/pgfcorerdf.code.tex
File: pgfcorerdf.code.tex 2020/12/27 v3.1.8b (3.1.8b)
)))
(/usr/share/texlive/texmf-dist/tex/generic/pgf/modules/pgfmoduleshapes.code.tex
File: pgfmoduleshapes.code.tex 2020/12/27 v3.1.8b (3.1.8b)
\pgfnodeparttextbox=\box53
) (/usr/share/texlive/texmf-dist/tex/generic/pgf/modules/pgfmoduleplot.code.tex
File: pgfmoduleplot.code.tex 2020/12/27 v3.1.8b (3.1.8b)
)
(/usr/share/texlive/texmf-dist/tex/latex/pgf/compatibility/pgfcomp-version-0-65
.sty
Package: pgfcomp-version-0-65 2020/12/27 v3.1.8b (3.1.8b)
\pgf@nodesepstart=\dimen182
\pgf@nodesepend=\dimen183
)
(/usr/share/texlive/texmf-dist/tex/latex/pgf/compatibility/pgfcomp-version-1-18
.sty
Package: pgfcomp-version-1-18 2020/12/27 v3.1.8b (3.1.8b)
)) (/usr/share/texlive/texmf-dist/tex/latex/pgf/utilities/pgffor.sty
(/usr/share/texlive/texmf-dist/tex/latex/pgf/utilities/pgfkeys.sty
(/usr/share/texlive/texmf-dist/tex/generic/pgf/utilities/pgfkeys.code.tex))
(/usr/share/texlive/texmf-dist/tex/latex/pgf/math/pgfmath.sty
(/usr/share/texlive/texmf-dist/tex/generic/pgf/math/pgfmath.code.tex))
(/usr/share/texlive/texmf-dist/tex/generic/pgf/utilities/pgffor.code.tex
Package: pgffor 2020/12/27 v3.1.8b (3.1.8b)

(/usr/share/texlive/texmf-dist/tex/generic/pgf/math/pgfmath.code.tex)
\pgffor@iter=\dimen184
\pgffor@skip=\dimen185
\pgffor@stack=\toks31
\pgffor@toks=\toks32
))
(/usr/share/texlive/texmf-dist/tex/generic/pgf/frontendlayer/tikz/tikz.code.tex
Package: tikz 2020/12/27 v3.1.8b (3.1.8b)

(/usr/share/texlive/texmf-dist/tex/generic/pgf/libraries/pgflibraryplothandlers
.code.tex
File: pgflibraryplothandlers.code.tex 2020/12/27 v3.1.8b (3.1.8b)
\pgf@plot@mark@count=\count271
\pgfplotmarksize=\dimen186
)
\tikz@lastx=\dimen187
\tikz@lasty=\dimen188
\tikz@lastxsaved=\dimen189
\tikz@lastysaved=\dimen190
\tikz@lastmovetox=\dimen191
\tikz@lastmovetoy=\dimen192
\tikzleveldistance=\dimen193
\tikzsiblingdistance=\dimen194
\tikz@figbox=\box54
\tikz@figbox@bg=\box55
\tikz@tempbox=\box56
\tikz@tempbox@bg=\box57
\tikztreelevel=\count272
\tikznumberofchildren=\count273
\tikznumberofcurrentchild=\count274
\tikz@fig@count=\count275

(/usr/share/texlive/texmf-dist/tex/generic/pgf/modules/pgfmodulematrix.code.tex
File: pgfmodulematrix.code.tex 2020/12/27 v3.1.8b (3.1.8b)
\pgfmatrixcurrentrow=\count276
\pgfmatrixcurrentcolumn=\count277
\pgf@matrix@numberofcolumns=\count278
)
\tikz@expandcount=\count279

(/usr/share/texlive/texmf-dist/tex/generic/pgf/frontendlayer/tikz/libraries/tik
zlibrarytopaths.code.tex
File: tikzlibrarytopaths.code.tex 2020/12/27 v3.1.8b (3.1.8b)
)))
(/usr/share/texlive/texmf-dist/tex/generic/pgf/frontendlayer/tikz/libraries/tik
zlibrarypositioning.code.tex
File: tikzlibrarypositioning.code.tex 2020/12/27 v3.1.8b (3.1.8b)
)
(/usr/share/texlive/texmf-dist/tex/generic/pgf/frontendlayer/tikz/libraries/tik
zlibraryshadows.code.tex
File: tikzlibraryshadows.code.tex 2020/12/27 v3.1.8b (3.1.8b)

(/usr/share/texlive/texmf-dist/tex/generic/pgf/frontendlayer/tikz/libraries/tik
zlibraryfadings.code.tex
File: tikzlibraryfadings.code.tex 2020/12/27 v3.1.8b (3.1.8b)

(/usr/share/texlive/texmf-dist/tex/generic/pgf/libraries/pgflibraryfadings.code
.tex
File: pgflibraryfadings.code.tex 2020/12/27 v3.1.8b (3.1.8b)
))) (/usr/share/texlive/texmf-dist/tex/latex/tools/calc.sty
Package: calc 2017/05/25 v4.3 Infix arithmetic (KKT,FJ)
\calc@Acount=\count280
\calc@Bcount=\count281
\calc@Adimen=\dimen195
\calc@Bdimen=\dimen196
\calc@Askip=\skip50
\calc@Bskip=\skip51
LaTeX Info: Redefining \setlength on input line 80.
LaTeX Info: Redefining \addtolength on input line 81.
\calc@Ccount=\count282
\calc@Cskip=\skip52
)
\c@@todonotes@numberoftodonotes=\count283
)

! LaTeX Error: File `tabularray.sty' not found.

Type X to quit or <RETURN> to proceed,
or enter new name. (Default extension: sty)

Enter file name: /usr/share/texlive/texmf-dist/tex/latex/tabularray/tabularray.
sty
(/usr/share/texlive/texmf-dist/tex/latex/tabularray/tabularray.sty
(/usr/share/texlive/texmf-dist/tex/latex/l3kernel/expl3.sty
Package: expl3 2021-01-09 L3 programming layer (loader) 

(/usr/share/texlive/texmf-dist/tex/latex/l3backend/l3backend-luatex.def
File: l3backend-luatex.def 2020-01-29 L3 backend support: PDF output (LuaTeX)
\l__color_backend_stack_int=\count284
\l__pdf_internal_box=\box58
))

LaTeX Warning: You have requested package `/usr/share/texlive/texmf-dist/tex/lat
ex/tabularray/tabularray',
               but the package provides `tabularray'.

Package: tabularray 2022-11-01 v2022D Typeset tabulars and arrays with LaTeX3

LaTeX3 Info: Defining command \TblrParboxRestore with sig. '' on line 46.


LaTeX3 Info: Defining command \TblrAlignBoth with sig. '' on line 55.


LaTeX3 Info: Defining command \TblrAlignLeft with sig. '' on line 57.


LaTeX3 Info: Defining command \TblrAlignCenter with sig. '' on line 59.


LaTeX3 Info: Defining command \TblrAlignRight with sig. '' on line 61.

\l__tblr_a_int=\count285
\l__tblr_c_int=\count286
\l__tblr_r_int=\count287
\l__tblr_d_dim=\dimen197
\l__tblr_h_dim=\dimen198
\l__tblr_o_dim=\dimen199
\l__tblr_p_dim=\dimen256
\l__tblr_q_dim=\dimen257
\l__tblr_r_dim=\dimen258
\l__tblr_s_dim=\dimen259
\l__tblr_t_dim=\dimen260
\l__tblr_v_dim=\dimen261
\l__tblr_w_dim=\dimen262
\l__tblr_a_box=\box59
\l__tblr_b_box=\box60
\l__tblr_c_box=\box61
\l__tblr_d_box=\box62
\g__tblr_table_count_int=\count288
\c@rownum=\count289
\c@colnum=\count290
\c@rowcount=\count291
\c@colcount=\count292

LaTeX3 Info: Defining command \therownum with sig. '' on line 159.


LaTeX3 Info: Defining command \thecolnum with sig. '' on line 160.


LaTeX3 Info: Defining command \therowcount with sig. '' on line 161.


LaTeX3 Info: Defining command \thecolcount with sig. '' on line 162.

\abovesep=\dimen263
\belowsep=\dimen264
\leftsep=\dimen265
\rightsep=\dimen266
\g_tblr_level_int=\count293
\g__tblr_data_row_key_count_int=\count294
\g__tblr_data_column_key_count_int=\count295
\g__tblr_data_cell_key_count_int=\count296
\g__tblr_array_int=\count297
\l__tblr_key_count_int=\count298
\l__tblr_key_quotient_int=\count299
\l__tblr_key_quotient_two_int=\count300
\l__tblr_key_remainder_int=\count301
\g__tblr_data_str_value_count_int=\count302

LaTeX3 Info: Defining command \NewChildSelector with sig. 'mO{0}om' on line
(LaTeX3)     819.


LaTeX3 Info: Defining command \__tblr_child_selector_odd:w with sig. 'O{}' on
(LaTeX3)     line 861.


LaTeX3 Info: Defining command \__tblr_child_selector_even:w with sig. 'O{}' on
(LaTeX3)     line 871.


LaTeX3 Info: Defining command \NewTableCommand with sig. 'mO{0}om' on line
(LaTeX3)     999.


LaTeX3 Info: Defining command \__tblr_table_command_empty:w with sig. '' on
(LaTeX3)     line 1030.


LaTeX3 Info: Defining command \SetHlines with sig. 'omm' on line 1035.


LaTeX3 Info: Defining command \SetHline with sig. 'omm' on line 1036.


LaTeX3 Info: Defining command \SetVlines with sig. 'omm' on line 1037.


LaTeX3 Info: Defining command \SetVline with sig. 'omm' on line 1038.


LaTeX3 Info: Defining command \SetCells with sig. 'om' on line 1039.


LaTeX3 Info: Defining command \SetCell with sig. 'om' on line 1040.


LaTeX3 Info: Defining command \SetRows with sig. 'om' on line 1041.


LaTeX3 Info: Defining command \SetRow with sig. 'om' on line 1042.


LaTeX3 Info: Defining command \SetColumns with sig. 'om' on line 1043.


LaTeX3 Info: Defining command \SetColumn with sig. 'om' on line 1044.


LaTeX3 Info: Defining command \NewContentCommand with sig. 'mO{0}om' on line
(LaTeX3)     1072.

\rulewidth=\dimen267

LaTeX3 Info: Defining command \NewDashStyle with sig. 'mm' on line 1109.


LaTeX3 Info: Defining command \__tblr_table_command_SetHlines:w with sig.
(LaTeX3)     'O{+}mm' on line 1163.


LaTeX3 Info: Defining command \__tblr_table_command_cline:w with sig. 'O{}m'
(LaTeX3)     on line 1202.


LaTeX3 Info: Defining command \__tblr_table_command_hline:w with sig. 'O{}' on
(LaTeX3)     line 1204.


LaTeX3 Info: Defining command \__tblr_table_command_SetHline:w with sig.
(LaTeX3)     'O{+}mm' on line 1212.


LaTeX3 Info: Defining command \__tblr_table_command_firsthline:w with sig.
(LaTeX3)     'O{}' on line 1395.


LaTeX3 Info: Defining command \__tblr_table_command_firsthline_saved:w with
(LaTeX3)     sig. 'O{}' on line 1395.


LaTeX3 Info: Defining command \__tblr_table_command_lasthline:w with sig.
(LaTeX3)     'O{}' on line 1400.


LaTeX3 Info: Defining command \__tblr_table_command_lasthline_saved:w with
(LaTeX3)     sig. 'O{}' on line 1400.


LaTeX3 Info: Defining command \__tblr_table_command_SetVlines:w with sig.
(LaTeX3)     'O{+}mm' on line 1406.


LaTeX3 Info: Defining command \__tblr_table_command_rline:w with sig. 'O{}m'
(LaTeX3)     on line 1444.


LaTeX3 Info: Defining command \__tblr_table_command_rline_saved:w with sig.
(LaTeX3)     'O{}m' on line 1444.


LaTeX3 Info: Defining command \__tblr_table_command_vline:w with sig. 'O{}' on
(LaTeX3)     line 1446.


LaTeX3 Info: Defining command \__tblr_table_command_SetVline:w with sig.
(LaTeX3)     'O{+}mm' on line 1454.


LaTeX3 Info: Defining command \__tblr_table_command_hborder:w with sig. 'm' on
(LaTeX3)     line 1603.


LaTeX3 Info: Defining command \__tblr_table_command_hborder_saved:w with sig.
(LaTeX3)     'm' on line 1603.


LaTeX3 Info: Defining command \__tblr_table_command_vborder:w with sig. 'm' on
(LaTeX3)     line 1660.


LaTeX3 Info: Defining command \__tblr_table_command_vborder_saved:w with sig.
(LaTeX3)     'm' on line 1660.


LaTeX3 Info: Defining command \__tblr_table_command_SetCells:w with sig.
(LaTeX3)     'O{}m' on line 1706.


LaTeX3 Info: Defining command \__tblr_table_command_SetCell:w with sig. 'O{}m'
(LaTeX3)     on line 1738.


LaTeX3 Info: Defining command \__tblr_table_command_multicolumn:w with sig.
(LaTeX3)     'mm' on line 1947.


LaTeX3 Info: Defining command \__tblr_table_command_multirow:w with sig.
(LaTeX3)     'O{m}mm' on line 1952.


LaTeX3 Info: Defining command \__tblr_table_command_multirow_saved:w with sig.
(LaTeX3)     'O{m}mm' on line 1952.


LaTeX3 Info: Defining command \__tblr_table_command_SetColumns:w with sig.
(LaTeX3)     'O{}m' on line 1962.


LaTeX3 Info: Defining command \__tblr_table_command_SetColumn:w with sig.
(LaTeX3)     'O{}m' on line 1990.


LaTeX3 Info: Defining command \__tblr_table_command_SetRows:w with sig. 'O{}m'
(LaTeX3)     on line 2130.


LaTeX3 Info: Defining command \__tblr_table_command_SetRow:w with sig. 'O{}m'
(LaTeX3)     on line 2158.


LaTeX3 Info: Defining command \__tblr_table_command_pagebreak:w with sig.
(LaTeX3)     'O{4}' on line 2297.


LaTeX3 Info: Defining command \__tblr_table_command_nopagebreak:w with sig.
(LaTeX3)     'O{4}' on line 2302.


LaTeX3 Info: Defining command \tblr_primitive_column_type_Q with sig. 'O{}' on
(LaTeX3)     line 2318.


LaTeX3 Info: Defining command \tblr_column_type_Q with sig. 'O{}' on line
(LaTeX3)     2323.


LaTeX3 Info: Defining command \tblr_primitive_row_type_Q with sig. 'O{}' on
(LaTeX3)     line 2330.


LaTeX3 Info: Defining command \tblr_row_type_Q with sig. 'O{}' on line 2335.


LaTeX3 Info: Defining command \tblr_primitive_column_type_| with sig. 'O{}' on
(LaTeX3)     line 2341.


LaTeX3 Info: Defining command \tblr_column_type_| with sig. 'O{}' on line
(LaTeX3)     2346.


LaTeX3 Info: Defining command \tblr_primitive_row_type_| with sig. 'O{}' on
(LaTeX3)     line 2352.


LaTeX3 Info: Defining command \tblr_row_type_| with sig. 'O{}' on line 2357.


LaTeX3 Info: Defining command \tblr_primitive_column_type_> with sig. 'O{}m'
(LaTeX3)     on line 2373.


LaTeX3 Info: Defining command \tblr_column_type_> with sig. 'O{}m' on line
(LaTeX3)     2378.


LaTeX3 Info: Defining command \tblr_primitive_row_type_> with sig. 'O{}m' on
(LaTeX3)     line 2392.


LaTeX3 Info: Defining command \tblr_row_type_> with sig. 'O{}m' on line 2397.


LaTeX3 Info: Defining command \tblr_primitive_column_type_< with sig. 'O{}m'
(LaTeX3)     on line 2414.


LaTeX3 Info: Defining command \tblr_column_type_< with sig. 'O{}m' on line
(LaTeX3)     2419.


LaTeX3 Info: Defining command \tblr_primitive_row_type_< with sig. 'O{}m' on
(LaTeX3)     line 2436.


LaTeX3 Info: Defining command \tblr_row_type_< with sig. 'O{}m' on line 2441.


LaTeX3 Info: Defining command \NewColumnType with sig. 'mO{0}om' on line 2461.


LaTeX3 Info: Defining command \NewRowType with sig. 'mO{0}om' on line 2467.


LaTeX3 Info: Defining command \NewColumnRowType with sig. 'mO{0}om' on line
(LaTeX3)     2475.


LaTeX3 Info: Defining command \tblr_column_type_l with sig. '' on line 2500.


LaTeX3 Info: Defining command \tblr_row_type_l with sig. '' on line 2500.


LaTeX3 Info: Defining command \tblr_column_type_c with sig. '' on line 2501.


LaTeX3 Info: Defining command \tblr_row_type_c with sig. '' on line 2501.


LaTeX3 Info: Defining command \tblr_column_type_r with sig. '' on line 2502.


LaTeX3 Info: Defining command \tblr_row_type_r with sig. '' on line 2502.


LaTeX3 Info: Defining command \tblr_column_type_j with sig. '' on line 2503.


LaTeX3 Info: Defining command \tblr_row_type_j with sig. '' on line 2503.


LaTeX3 Info: Defining command \tblr_column_type_t with sig. 'm' on line 2505.


LaTeX3 Info: Defining command \tblr_column_type_p with sig. 'm' on line 2506.


LaTeX3 Info: Defining command \tblr_column_type_m with sig. 'm' on line 2507.


LaTeX3 Info: Defining command \tblr_column_type_b with sig. 'm' on line 2508.


LaTeX3 Info: Defining command \tblr_column_type_h with sig. 'm' on line 2509.


LaTeX3 Info: Defining command \tblr_column_type_f with sig. 'm' on line 2510.


LaTeX3 Info: Defining command \tblr_row_type_t with sig. 'm' on line 2512.


LaTeX3 Info: Defining command \tblr_row_type_p with sig. 'm' on line 2513.


LaTeX3 Info: Defining command \tblr_row_type_m with sig. 'm' on line 2514.


LaTeX3 Info: Defining command \tblr_row_type_b with sig. 'm' on line 2515.


LaTeX3 Info: Defining command \tblr_row_type_h with sig. 'm' on line 2516.


LaTeX3 Info: Defining command \tblr_row_type_f with sig. 'm' on line 2517.


LaTeX3 Info: Defining command \tblr_column_type_X with sig. 'O{}' on line
(LaTeX3)     2519.


LaTeX3 Info: Defining command \tblr_row_type_X with sig. 'O{}' on line 2519.


LaTeX3 Info: Defining command \tblr_column_type_! with sig. 'm' on line 2521.


LaTeX3 Info: Defining command \tblr_row_type_! with sig. 'm' on line 2521.


LaTeX3 Info: Defining command \tblr_column_type_@ with sig. 'm' on line 2522.


LaTeX3 Info: Defining command \tblr_row_type_@ with sig. 'm' on line 2522.


LaTeX3 Info: Defining command \tblr_column_type_* with sig. 'mm' on line 2523.


LaTeX3 Info: Defining command \tblr_row_type_* with sig. 'mm' on line 2523.


LaTeX3 Info: Defining command \SetTblrInner with sig. 'O{tblr}m' on line 2611.


LaTeX3 Info: Defining command \SetTblrOuter with sig. 'O{tblr}m' on line 2620.


LaTeX3 Info: Defining command \NewTblrEnviron with sig. 'm' on line 2632.


LaTeX3 Info: Defining environment 'tblr' with sig. 'O{c}m+b' on line 2635.


LaTeX3 Info: Defining environment 'longtblr' with sig. 'O{c}m+b' on line 2636.


LaTeX3 Info: Defining environment 'talltblr' with sig. 'O{c}m+b' on line 2638.


LaTeX3 Info: Defining command \__tblr_table_command_RowBefore@AddBelowSep:w
(LaTeX3)     with sig. 'O{}' on line 2812.


LaTeX3 Info: Defining command
(LaTeX3)     \__tblr_table_command_RowBefore@AddBelowSep_saved:w with sig.
(LaTeX3)     'O{}' on line 2812.


LaTeX3 Info: Defining command \NewTblrTheme with sig. 'm+m' on line 3157.

\l__tblr_strut_dp_dim=\dimen268
\l__tblr_strut_ht_dim=\dimen269
\g__tblr_cell_wd_dim=\dimen270
\g__tblr_cell_ht_dim=\dimen271
\g__tblr_cell_head_dim=\dimen272
\g__tblr_cell_foot_dim=\dimen273

LaTeX3 Info: Defining command \__tblr_fake_color_command:w with sig. 'om' on
(LaTeX3)     line 3710.

\l__column_target_dim=\dimen274

LaTeX3 Info: Defining command \SetTblrStyle with sig. 'm+m' on line 4619.


LaTeX3 Info: Defining command \DefTblrTemplate with sig. 'mm+m' on line 4693.


LaTeX3 Info: Defining command \SetTblrTemplate with sig. 'mm' on line 4714.


LaTeX3 Info: Defining command \GetTblrStyle with sig. 'mm' on line 4726.


LaTeX3 Info: Defining command \UseTblrFont with sig. 'm' on line 4731.


LaTeX3 Info: Defining command \UseTblrColor with sig. 'm' on line 4739.


LaTeX3 Info: Defining command \UseTblrAlign with sig. 'm' on line 4745.


LaTeX3 Info: Defining command \UseTblrHang with sig. 'm' on line 4759.


LaTeX3 Info: Defining command \UseTblrIndent with sig. 'm' on line 4768.


LaTeX3 Info: Defining command \ExpTblrTemplate with sig. 'mm' on line 4779.


LaTeX3 Info: Defining command \UseTblrTemplate with sig. 'mm' on line 4789.


LaTeX3 Info: Defining command \MapTblrNotes with sig. '+m' on line 4799.


LaTeX3 Info: Defining command \MapTblrRemarks with sig. '+m' on line 4809.


LaTeX3 Info: Defining command \InsertTblrText with sig. 'm' on line 4814.


LaTeX3 Info: Defining command \InsertTblrMore with sig. 'm' on line 4819.

\l__tblr_caption_box=\box63
\l__tblr_caption_left_box=\box64

LaTeX3 Info: Defining command \TblrNote with sig. 'm' on line 5105.

\l__tblr_row_head_box=\box65
\l__tblr_row_foot_box=\box66
\l__tblr_row_head_foot_dim=\dimen275
\tablewidth=\dimen276
\l__tblr_table_firsthead_box=\box67
\l__tblr_table_middlehead_box=\box68
\l__tblr_table_lasthead_box=\box69
\l__tblr_table_firstfoot_box=\box70
\l__tblr_table_middlefoot_box=\box71
\l__tblr_table_lastfoot_box=\box72
\l__tblr_remain_height_dim=\dimen277
\l__tblr_long_from_int=\count303
\l__tblr_long_to_int=\count304
\l__tblr_curr_i_int=\count305
\l__tblr_prev_i_int=\count306
\l__tblr_table_page_int=\count307
\l__tblr_table_head_box=\box73
\l__tblr_table_foot_box=\box74
\l__tblr_table_head_foot_dim=\dimen278
\l__tblr_table_head_body_foot_dim=\dimen279
\l__tblr_table_box=\box75
\l__tblr_table_hlines_box=\box76
\l__tblr_hline_box=\box77
\l__tblr_row_box=\box78
\l__tblr_col_o_wd_dim=\dimen280
\l__tblr_col_b_wd_dim=\dimen281
\l__tblr_hline_leftskip_dim=\dimen282
\l__tblr_hline_rightskip_dim=\dimen283
\l__tblr_row_ht_dim=\dimen284
\l__tblr_row_dp_dim=\dimen285
\l__tblr_row_abovesep_dim=\dimen286
\l__tblr_row_belowsep_dim=\dimen287
\l__tblr_row_vlines_box=\box79
\l__tblr_vline_box=\box80
\l__tblr_cell_box=\box81
\l__row_upper_dim=\dimen288
\l__row_lower_dim=\dimen289
\l__row_vpace_dim=\dimen290
\l__tblr_vline_aboveskip_dim=\dimen291
\l__tblr_vline_belowskip_dim=\dimen292
\l__tblr_cell_wd_dim=\dimen293
\l__tblr_cell_ht_dim=\dimen294

LaTeX3 Info: Defining command \SetTblrTracing with sig. 'm' on line 6650.


LaTeX3 Info: Defining command \LogTblrTracing with sig. 'm' on line 6762.


LaTeX3 Info: Defining command \NewTblrLibrary with sig. 'mm' on line 6887.


LaTeX3 Info: Defining command \UseTblrLibrary with sig. 'm' on line 6892.

\l__tblr_diag_box=\box82
) (/usr/share/texlive/texmf-dist/tex/latex/geometry/geometry.sty
Package: geometry 2020/01/02 v5.9 Page Geometry

(/usr/share/texlive/texmf-dist/tex/generic/iftex/ifvtex.sty
Package: ifvtex 2019/10/25 v1.7 ifvtex legacy package. Use iftex instead.
)
\Gm@cnth=\count308
\Gm@cntv=\count309
\c@Gm@tempcnt=\count310
\Gm@bindingoffset=\dimen295
\Gm@wd@mp=\dimen296
\Gm@odd@mp=\dimen297
\Gm@even@mp=\dimen298
\Gm@layoutwidth=\dimen299
\Gm@layoutheight=\dimen300
\Gm@layouthoffset=\dimen301
\Gm@layoutvoffset=\dimen302
\Gm@dimlist=\toks33
)
(/usr/share/texlive/texmf-dist/tex/latex/parskip/parskip.sty
Package: parskip 2020-06-15 v2.0f non-zero parskip adjustments

(/usr/share/texlive/texmf-dist/tex/latex/etoolbox/etoolbox.sty
Package: etoolbox 2020/10/05 v2.5k e-TeX tools for LaTeX (JAW)
\etb@tempcnta=\count311
))
(/usr/share/texlive/texmf-dist/tex/latex/glossaries/base/glossaries.sty
Package: glossaries 2020/03/19 v4.46 (NLCT)

(/usr/share/texlive/texmf-dist/tex/latex/mfirstuc/mfirstuc.sty
Package: mfirstuc 2017/11/14 v2.06 (NLCT)
\@glsmfirst=\toks34
\@glsmrest=\toks35
)
(/usr/share/texlive/texmf-dist/tex/latex/textcase/textcase.sty
Package: textcase 2019/09/14 v1.00 Text only upper/lower case changing (DPC)
)
(/usr/share/texlive/texmf-dist/tex/latex/xfor/xfor.sty
Package: xfor 2009/02/05 v1.05 (NLCT)
)
(/usr/share/texlive/texmf-dist/tex/latex/datatool/datatool-base.sty
Package: datatool-base 2019/09/27 v2.32 (NLCT)

(/usr/share/texlive/texmf-dist/tex/latex/amsmath/amsmath.sty
Package: amsmath 2020/09/23 v2.17i AMS math features
\@mathmargin=\skip53

For additional information on amsmath, use the `?' option.
(/usr/share/texlive/texmf-dist/tex/latex/amsmath/amstext.sty
Package: amstext 2000/06/29 v2.01 AMS text

(/usr/share/texlive/texmf-dist/tex/latex/amsmath/amsgen.sty
File: amsgen.sty 1999/11/30 v2.0 generic functions
\@emptytoks=\toks36
\ex@=\dimen303
))
(/usr/share/texlive/texmf-dist/tex/latex/amsmath/amsbsy.sty
Package: amsbsy 1999/11/29 v1.2d Bold Symbols
\pmbraise@=\dimen304
)
(/usr/share/texlive/texmf-dist/tex/latex/amsmath/amsopn.sty
Package: amsopn 2016/03/08 v2.02 operator names
)
\inf@bad=\count312
LaTeX Info: Redefining \frac on input line 236.
\uproot@=\count313
\leftroot@=\count314
LaTeX Info: Redefining \overline on input line 399.
\classnum@=\count315
\DOTSCASE@=\count316
LaTeX Info: Redefining \ldots on input line 496.
LaTeX Info: Redefining \dots on input line 499.
LaTeX Info: Redefining \cdots on input line 620.
\Mathstrutbox@=\box83
\strutbox@=\box84
\big@size=\dimen305
LaTeX Font Info:    Redeclaring font encoding OML on input line 743.
LaTeX Font Info:    Redeclaring font encoding OMS on input line 744.
\macc@depth=\count317
\c@MaxMatrixCols=\count318
\dotsspace@=\muskip17
\c@parentequation=\count319
\dspbrk@lvl=\count320
\tag@help=\toks37
\row@=\count321
\column@=\count322
\maxfields@=\count323
\andhelp@=\toks38
\eqnshift@=\dimen306
\alignsep@=\dimen307
\tagshift@=\dimen308
\tagwidth@=\dimen309
\totwidth@=\dimen310
\lineht@=\dimen311
\@envbody=\toks39
\multlinegap=\skip54
\multlinetaggap=\skip55
\mathdisplay@stack=\toks40
LaTeX Info: Redefining \[ on input line 2923.
LaTeX Info: Redefining \] on input line 2924.
)
(/usr/share/texlive/texmf-dist/tex/latex/substr/substr.sty
Package: substr 2009/10/20 v1.2 Handle substrings
\c@su@anzahl=\count324
)
(/usr/share/texlive/texmf-dist/tex/latex/datatool/datatool-fp.sty
Package: datatool-fp 2019/09/27 v2.32 (NLCT)

(/usr/share/texlive/texmf-dist/tex/latex/fp/fp.sty
Package: fp 1995/04/02

`Fixed Point Package', Version 0.8, April 2, 1995 (C) Michael Mehlich
(/usr/share/texlive/texmf-dist/tex/latex/fp/defpattern.sty
Package: defpattern 1994/10/12
\actioncount=\count325
)
(/usr/share/texlive/texmf-dist/tex/latex/fp/fp-basic.sty
Package: fp-basic 1996/05/13
\FP@xs=\count326
\FP@xia=\count327
\FP@xib=\count328
\FP@xfa=\count329
\FP@xfb=\count330
\FP@rega=\count331
\FP@regb=\count332
\FP@regs=\count333
\FP@times=\count334
)
(/usr/share/texlive/texmf-dist/tex/latex/fp/fp-addons.sty
Package: fp-addons 1995/03/15
)
(/usr/share/texlive/texmf-dist/tex/latex/fp/fp-snap.sty
Package: fp-snap 1995/04/05
)
(/usr/share/texlive/texmf-dist/tex/latex/fp/fp-exp.sty
Package: fp-exp 1995/04/03
)
(/usr/share/texlive/texmf-dist/tex/latex/fp/fp-trigo.sty
Package: fp-trigo 1995/04/14
)
(/usr/share/texlive/texmf-dist/tex/latex/fp/fp-pas.sty
Package: fp-pas 1994/08/29
)
(/usr/share/texlive/texmf-dist/tex/latex/fp/fp-random.sty
Package: fp-random 1995/02/23
\FPseed=\count335
)
(/usr/share/texlive/texmf-dist/tex/latex/fp/fp-eqn.sty
Package: fp-eqn 1995/04/03
)
(/usr/share/texlive/texmf-dist/tex/latex/fp/fp-upn.sty
Package: fp-upn 1996/10/21
)
(/usr/share/texlive/texmf-dist/tex/latex/fp/fp-eval.sty
Package: fp-eval 1995/04/03
)))
\@dtl@toks=\toks41
\@dtl@tmpcount=\count336
\dtl@tmplength=\skip56
\dtl@sortresult=\count337
\@dtl@numgrpsepcount=\count338
\@dtl@datatype=\count339
\dtl@codeA=\count340
\dtl@codeB=\count341
\@dtl@foreach@level=\count342
)
(/usr/share/texlive/texmf-dist/tex/latex/glossaries/base/glossaries-compatible-
307.sty
Package: glossaries-compatible-307 2020/03/19 v4.46 (NLCT)
)
\gls@level=\count343
\@gls@tmpb=\toks42
\gls@tmplen=\skip57
\glskeylisttok=\toks43
\glslabeltok=\toks44
\glsshorttok=\toks45
\glslongtok=\toks46

(/usr/share/texlive/texmf-dist/tex/latex/glossaries/styles/glossary-hypernav.st
y
Package: glossary-hypernav 2020/03/19 v4.46 (NLCT)
) (/usr/share/texlive/texmf-dist/tex/latex/glossaries/styles/glossary-list.sty
Package: glossary-list 2020/03/19 v4.46 (NLCT)
\glslistdottedwidth=\skip58
) (/usr/share/texlive/texmf-dist/tex/latex/glossaries/styles/glossary-long.sty
Package: glossary-long 2020/03/19 v4.46 (NLCT)

(/usr/share/texlive/texmf-dist/tex/latex/tools/longtable.sty
Package: longtable 2020/01/07 v4.13 Multi-page Table package (DPC)
\LTleft=\skip59
\LTright=\skip60
\LTpre=\skip61
\LTpost=\skip62
\LTchunksize=\count344
\LTcapwidth=\dimen312
\LT@head=\box85
\LT@firsthead=\box86
\LT@foot=\box87
\LT@lastfoot=\box88
\LT@cols=\count345
\LT@rows=\count346
\c@LT@tables=\count347
\c@LT@chunks=\count348
\LT@p@ftn=\toks47
)
\glsdescwidth=\skip63
\glspagelistwidth=\skip64
)
(/usr/share/texlive/texmf-dist/tex/latex/glossaries/styles/glossary-super.sty
Package: glossary-super 2020/03/19 v4.46 (NLCT)

(/usr/share/texlive/texmf-dist/tex/latex/supertabular/supertabular.sty
Package: supertabular 2020/02/02 v4.1g the supertabular environment
\c@tracingst=\count349
\ST@wd=\dimen313
\ST@rightskip=\skip65
\ST@leftskip=\skip66
\ST@parfillskip=\skip67
\ST@pageleft=\dimen314
\ST@headht=\dimen315
\ST@tailht=\dimen316
\ST@pagesofar=\dimen317
\ST@pboxht=\dimen318
\ST@lineht=\dimen319
\ST@prevht=\dimen320
\ST@toadd=\dimen321
\ST@dimen=\dimen322
\ST@pbox=\box89
))
(/usr/share/texlive/texmf-dist/tex/latex/glossaries/styles/glossary-tree.sty
Package: glossary-tree 2020/03/19 v4.46 (NLCT)
\glstreeindent=\skip68
))
(/usr/share/texlive/texmf-dist/tex/latex/glossaries-extra/glossaries-extra.sty
Package: glossaries-extra 2020/04/01 v1.45 (NLCT)
\@glsxtr@leveloffset=\count350
\glsxtrresourcecount=\count351
\@glsxtrnewgls@inner=\count352
\glsshortpltok=\toks48
\glslongpltok=\toks49
)
\glswrite=\write4
\glo@main@file=\write5

\openout5 = main.glo
Package glossaries Info: Writing glossary file main.glo on input line 24.
\glo@acronym@file=\write6

\openout6 = main.acn
Package glossaries Info: Writing glossary file main.acn on input line 24.
(./acronyms.tex) (./main.aux)
\openout1 = main.aux

LaTeX Font Info:    Checking defaults for OML/cmm/m/it on input line 27.
LaTeX Font Info:    ... okay on input line 27.
LaTeX Font Info:    Checking defaults for OMS/cmsy/m/n on input line 27.
LaTeX Font Info:    ... okay on input line 27.
LaTeX Font Info:    Checking defaults for OT1/cmr/m/n on input line 27.
LaTeX Font Info:    ... okay on input line 27.
LaTeX Font Info:    Checking defaults for T1/cmr/m/n on input line 27.
LaTeX Font Info:    ... okay on input line 27.
LaTeX Font Info:    Checking defaults for TS1/cmr/m/n on input line 27.
LaTeX Font Info:    Trying to load font information for TS1+cmr on input line 27
.

(/usr/share/texlive/texmf-dist/tex/latex/base/ts1cmr.fd
File: ts1cmr.fd 2019/12/16 v2.5j Standard LaTeX font definitions
)
LaTeX Font Info:    ... okay on input line 27.
LaTeX Font Info:    Checking defaults for TU/lmr/m/n on input line 27.
LaTeX Font Info:    ... okay on input line 27.
LaTeX Font Info:    Checking defaults for OMX/cmex/m/n on input line 27.
LaTeX Font Info:    ... okay on input line 27.
LaTeX Font Info:    Checking defaults for U/cmr/m/n on input line 27.
LaTeX Font Info:    ... okay on input line 27.
LaTeX Font Info:    Checking defaults for PD1/pdf/m/n on input line 27.
LaTeX Font Info:    ... okay on input line 27.
LaTeX Font Info:    Checking defaults for PU/pdf/m/n on input line 27.
LaTeX Font Info:    ... okay on input line 27.

(/usr/share/texlive/texmf-dist/tex/context/base/mkii/supp-pdf.mkii
[Loading MPS to PDF converter (version 2006.09.02).]
\scratchcounter=\count353
\scratchdimen=\dimen323
\scratchbox=\box90
\nofMPsegments=\count354
\nofMParguments=\count355
\everyMPshowfont=\toks50
\MPscratchCnt=\count356
\MPscratchDim=\dimen324
\MPnumerator=\count357
\makeMPintoPDFobject=\count358
\everyMPtoPDFconversion=\toks51
) (/usr/share/texlive/texmf-dist/tex/latex/epstopdf-pkg/epstopdf-base.sty
Package: epstopdf-base 2020-01-24 v2.11 Base part for package epstopdf
Package epstopdf-base Info: Redefining graphics rule for `.eps' on input line 48
5.

(/usr/share/texlive/texmf-dist/tex/latex/latexconfig/epstopdf-sys.cfg
File: epstopdf-sys.cfg 2010/07/13 v1.3 Configuration of (r)epstopdf for TeX Live

))
Package hyperref Info: Link coloring ON on input line 27.

(/usr/share/texlive/texmf-dist/tex/latex/hyperref/nameref.sty
Package: nameref 2019/09/16 v2.46 Cross-referencing by name of section

(/usr/share/texlive/texmf-dist/tex/latex/refcount/refcount.sty
Package: refcount 2019/12/15 v3.6 Data extraction from label references (HO)
)
(/usr/share/texlive/texmf-dist/tex/generic/gettitlestring/gettitlestring.sty
Package: gettitlestring 2019/12/15 v1.6 Cleanup title references (HO)
)
\c@section@level=\count359
)
LaTeX Info: Redefining \ref on input line 27.
LaTeX Info: Redefining \pageref on input line 27.
LaTeX Info: Redefining \nameref on input line 27.

(./main.out) (./main.out)
\@outlinefile=\write7

\openout7 = main.out


Package todonotes Warning: The length marginparwidth is less than 2cm and will m
ost likely cause issues with the appearance of inserted todonotes. The issue can
 be solved by adding a line like \setlength {\marginparwidth }{2cm} prior to loa
ding the todonotes package. on input line 27.


! LaTeX Error: File `ninecolors.sty' not found.

Type X to quit or <RETURN> to proceed,
or enter new name. (Default extension: sty)

Enter file name: 
! Interruption.
<to be read again> 
}
l.27 \begin{document}
                   
? q
OK, entering \batchmode...
*geometry* driver: auto-detecting
*geometry* detected driver: luatex
*geometry* verbose mode - [ preamble ] result:
* driver: luatex
* paper: <default>
* layout: <same size as paper>
* layoutoffset:(h,v)=(0.0pt,0.0pt)
* modes: 
* h-part:(L,W,R)=(92.14519pt, 430.00462pt, 92.14519pt)
* v-part:(T,H,B)=(95.39737pt, 556.47656pt, 143.09605pt)
* \paperwidth=614.295pt
* \paperheight=794.96999pt
* \textwidth=430.00462pt
* \textheight=556.47656pt
* \oddsidemargin=19.8752pt
* \evensidemargin=19.8752pt
* \topmargin=-13.87262pt
* \headheight=12.0pt
* \headsep=25.0pt
* \topskip=12.0pt
* \footskip=30.0pt
* \marginparwidth=44.0pt
* \marginparsep=10.0pt
* \columnsep=10.0pt
* \skip\footins=10.8pt plus 4.0pt minus 2.0pt
* \hoffset=0.0pt
* \voffset=0.0pt
* \mag=1000
* \@twocolumnfalse
* \@twosidefalse
* \@mparswitchfalse
* \@reversemarginfalse
* (1in=72.27pt=25.4mm, 1cm=28.453pt)

 (./title.tex
> Step: init table outer spec.
> Step: parse table options.
> Step: split table.
> Step: init table inner spec.
> Step: parse table inner spec.
> Step: execute table commands.
> Step: calculate cell and line sizes.
> Step: build the whole table.
 [1


\openout4 = main.ist
{/var/lib/texmf/fonts/map/pdftex/updmap/pdftex.map}])
No file main.gls.

Package glossaries-extra Warning: Glossary `main' is missing on input line 30.

No file main.acr.

Package glossaries-extra Warning: Glossary `acronym' is missing on input line 30
.


warning  (pdf backend): ignoring duplicate destination with the name 'page.i'
 [1


]
Overfull \hbox (12.70326pt too wide) in paragraph at lines 30--30
[]\TU/lmr/m/n/12 Add \TU/lmtt/m/n/12 automake \TU/lmr/m/n/12 to your pack-age op
-tion list when you load \TU/lmtt/m/n/12 glossaries-extra.sty\TU/lmr/m/n/12 .
 []

 [2


] (./main.toc)
\tf@toc=\write8

\openout8 = main.toc
 [3

]
Chapter 1.

LaTeX Warning: Citation `1435746' on page 1 undefined on input line 37.


LaTeX Warning: Citation `cps_steering_group_cyber-physical_2008' on page 1 undef
ined on input line 42.


LaTeX Warning: Citation `wang_security_2010' on page 1 undefined on input line 4
2.


LaTeX Warning: Citation `singh_review_2020' on page 1 undefined on input line 42
.

 [1

] [2] [3]
Chapter 2.

LaTeX Warning: Citation `chen_cyber-physical_2022' on page 4 undefined on input 
line 75.


LaTeX Warning: Citation `lei_developing_2013' on page 4 undefined on input line 
75.


LaTeX Warning: Citation `tsang_how_2022' on page 4 undefined on input line 75.

<mind_map_cps_bis.png, id=187, 711.65875pt x 291.0875pt>
File: mind_map_cps_bis.png Graphic file (type png)
<use mind_map_cps_bis.png>
Package luatex.def Info: mind_map_cps_bis.png  used on input line 80.
(luatex.def)             Requested size: 430.00462pt x 175.87973pt.

LaTeX Warning: `!h' float specifier changed to `!ht'.

 [4

]

LaTeX Warning: Citation `wang_security_2010' on page 5 undefined on input line 8
9.


LaTeX Warning: Citation `wazid_2016' on page 5 undefined on input line 89.


LaTeX Warning: Citation `singh_review_2020' on page 5 undefined on input line 89
.

 [5<./mind_map_cps_bis.png>] [6]

LaTeX Warning: Citation `THULE201945' on page 7 undefined on input line 135.

 [7]

LaTeX Warning: Citation `cai_solutions_2012' on page 8 undefined on input line 1
66.

 [8]
Chapter 3.
No file main.bbl.
 [9

] (./main.aux)

LaTeX Warning: There were undefined references.

Package rerunfilecheck Info: File `main.out' has not changed.
(rerunfilecheck)             Checksum: 22606441596A2134E6E37AF62D64E8D6;2948.
)

Here is how much of LuaTeX's memory you used:
 29303 strings out of 478824
 125086,1144653 words of node,token memory allocated
 1066 words of node memory still in use:
   22 hlist, 2 vlist, 10 rule, 2 glue, 4 kern, 1 glyph, 55 attribute, 63 glue_sp
ec, 55 attribute_list, 2 write, 16 pdf_literal, 16 pdf_colorstack nodes
   avail lists: 1:2,2:472,3:217,4:160,5:362,6:62,7:5786,8:45,9:372,10:15,11:433
 47752 multiletter control sequences out of 65536+600000
 59 fonts using 5784447 bytes
 102i,11n,103p,1026b,586s stack positions out of 5000i,500n,10000p,200000b,200000s
</usr/share/texmf/fonts/opentype/public/lm/lmroman8-regular.otf></usr/share/texm
f/fonts/opentype/public/lm/lmmono12-regular.otf></usr/share/texmf/fonts/opentype
/public/lm/lmroman12-regular.otf></usr/share/texmf/fonts/opentype/public/lm/lmsa
ns12-regular.otf></usr/share/texmf/fonts/opentype/public/lm/lmroman12-italic.otf
></usr/share/texmf/fonts/opentype/public/lm/lmroman17-regular.otf></usr/share/te
xmf/fonts/opentype/public/lm/lmroman12-bold.otf>
Output written on main.pdf (13 pages, 88910 bytes).

PDF statistics: 283 PDF objects out of 1000 (max. 8388607)
 220 compressed objects within 3 object streams
 46 named destinations out of 1000 (max. 131072)
 336 words of extra memory for PDF output out of 10000 (max. 100000000)

